0 info it worked if it ends with ok
1 verbose cli [ 'H:\\Program Files\\nodejs\\node.exe',
1 verbose cli   'H:\\Program Files\\nodejs\\node_modules\\npm\\bin\\npm-cli.js',
1 verbose cli   'install',
1 verbose cli   'express',
1 verbose cli   '-g' ]
2 info using npm@1.3.11
3 info using node@v0.10.19
4 verbose cache add [ 'express', null ]
5 verbose cache add name=undefined spec="express" args=["express",null]
6 verbose parsed url { protocol: null,
6 verbose parsed url   slashes: null,
6 verbose parsed url   auth: null,
6 verbose parsed url   host: null,
6 verbose parsed url   port: null,
6 verbose parsed url   hostname: null,
6 verbose parsed url   hash: null,
6 verbose parsed url   search: null,
6 verbose parsed url   query: null,
6 verbose parsed url   pathname: 'express',
6 verbose parsed url   path: 'express',
6 verbose parsed url   href: 'express' }
7 silly lockFile f3c62de4-express express
8 verbose lock express C:\Users\DIEGOPEREIRADASILVA\AppData\Roaming\npm-cache\f3c62de4-express.lock
9 silly lockFile f3c62de4-express express
10 silly lockFile f3c62de4-express express
11 verbose addNamed [ 'express', '' ]
12 verbose addNamed [ null, '*' ]
13 silly lockFile 64a534c1-express express@
14 verbose lock express@ C:\Users\DIEGOPEREIRADASILVA\AppData\Roaming\npm-cache\64a534c1-express.lock
15 silly addNameRange { name: 'express', range: '*', hasData: false }
16 verbose url raw express
17 verbose url resolving [ 'https://registry.npmjs.org/', './express' ]
18 verbose url resolved https://registry.npmjs.org/express
19 info trying registry request attempt 1 at 01:21:36
20 http GET https://registry.npmjs.org/express
21 info retry will retry, error on last attempt: Error: CERT_UNTRUSTED
22 info trying registry request attempt 2 at 01:21:46
23 http GET https://registry.npmjs.org/express
24 info retry will retry, error on last attempt: Error: CERT_UNTRUSTED
25 info trying registry request attempt 3 at 01:22:46
26 http GET https://registry.npmjs.org/express
27 silly lockFile 64a534c1-express express@
28 silly lockFile 64a534c1-express express@
29 error Error: CERT_UNTRUSTED
29 error     at SecurePair.<anonymous> (tls.js:1357:32)
29 error     at SecurePair.EventEmitter.emit (events.js:92:17)
29 error     at SecurePair.maybeInitFinished (tls.js:969:10)
29 error     at CleartextStream.read [as _read] (tls.js:463:15)
29 error     at CleartextStream.Readable.read (_stream_readable.js:320:10)
29 error     at EncryptedStream.write [as _write] (tls.js:366:25)
29 error     at doWrite (_stream_writable.js:221:10)
29 error     at writeOrBuffer (_stream_writable.js:211:5)
29 error     at EncryptedStream.Writable.write (_stream_writable.js:180:11)
29 error     at write (_stream_readable.js:583:24)
30 error If you need help, you may report this log at:
30 error     <http://github.com/isaacs/npm/issues>
30 error or email it to:
30 error     <npm-@googlegroups.com>
31 error System Windows_NT 6.2.9200
32 error command "H:\\Program Files\\nodejs\\node.exe" "H:\\Program Files\\nodejs\\node_modules\\npm\\bin\\npm-cli.js" "install" "express" "-g"
33 error cwd C:\Users\DIEGOPEREIRADASILVA\Desktop\RestauranteSaboroso
34 error node -v v0.10.19
35 error npm -v 1.3.11
36 verbose exit [ 1, true ]
